[0.106s] DEBUG:colcon:Command line arguments: ['/home/user1/ROS2_Workspace/ros2_ws/.venv/bin/colcon', 'build', '--packages-select', 'filc', '--build-base', '/home/user1/ROS2_Workspace/ros2_ws/build', '--install-base', '/home/user1/ROS2_Workspace/ros2_ws/install']
[0.106s] DEBUG:colcon:Parsed command line arguments: Namespace(log_base=None, log_level=None, verb_name='build', build_base='/home/user1/ROS2_Workspace/ros2_ws/build', install_base='/home/user1/ROS2_Workspace/ros2_ws/install', merge_install=False, symlink_install=False, test_result_base=None, continue_on_error=False, executor='parallel', parallel_workers=16, event_handlers=None, ignore_user_meta=False, metas=['./colcon.meta'], base_paths=['.'], packages_ignore=None, packages_ignore_regex=None, paths=None, packages_up_to=None, packages_up_to_regex=None, packages_above=None, packages_above_and_dependencies=None, packages_above_depth=None, packages_select_by_dep=None, packages_skip_by_dep=None, packages_skip_up_to=None, packages_select_build_failed=False, packages_skip_build_finished=False, packages_select_test_failures=False, packages_skip_test_passed=False, packages_select=['filc'], packages_skip=None, packages_select_regex=None, packages_skip_regex=None, packages_start=None, packages_end=None, cmake_args=None, cmake_target=None, cmake_target_skip_unavailable=False, cmake_clean_cache=False, cmake_clean_first=False, cmake_force_configure=False, ament_cmake_args=None, catkin_cmake_args=None, catkin_skip_building_tests=False, verb_parser=<colcon_defaults.argument_parser.defaults.DefaultArgumentsDecorator object at 0x734bdf4564d0>, verb_extension=<colcon_core.verb.build.BuildVerb object at 0x734bdf40c160>, main=<bound method BuildVerb.main of <colcon_core.verb.build.BuildVerb object at 0x734bdf40c160>>)
[0.213s] Level 1:colcon.colcon_core.package_discovery:discover_packages(colcon_meta) check parameters
[0.213s] Level 1:colcon.colcon_core.package_discovery:discover_packages(recursive) check parameters
[0.213s] Level 1:colcon.colcon_core.package_discovery:discover_packages(ignore) check parameters
[0.213s] Level 1:colcon.colcon_core.package_discovery:discover_packages(path) check parameters
[0.213s] Level 1:colcon.colcon_core.package_discovery:discover_packages(colcon_meta) discover
[0.213s] Level 1:colcon.colcon_core.package_discovery:discover_packages(recursive) discover
[0.213s] INFO:colcon.colcon_core.package_discovery:Crawling recursively for packages in '/home/user1/ROS2_Workspace/ros2_ws/src/filc'
[0.213s] Level 1:colcon.colcon_core.package_identification:_identify(.) by extensions ['ignore', 'ignore_ament_install']
[0.213s] Level 1:colcon.colcon_core.package_identification:_identify(.) by extension 'ignore'
[0.213s] Level 1:colcon.colcon_core.package_identification:_identify(.) by extension 'ignore_ament_install'
[0.213s] Level 1:colcon.colcon_core.package_identification:_identify(.) by extensions ['colcon_pkg']
[0.213s] Level 1:colcon.colcon_core.package_identification:_identify(.) by extension 'colcon_pkg'
[0.213s] Level 1:colcon.colcon_core.package_identification:_identify(.) by extensions ['colcon_meta']
[0.213s] Level 1:colcon.colcon_core.package_identification:_identify(.) by extension 'colcon_meta'
[0.213s] Level 1:colcon.colcon_core.package_identification:_identify(.) by extensions ['ros']
[0.213s] Level 1:colcon.colcon_core.package_identification:_identify(.) by extension 'ros'
[0.233s] DEBUG:colcon.colcon_core.package_identification:Package '.' with type 'ros.ament_cmake' and name 'filc'
[0.234s] Level 1:colcon.colcon_core.package_discovery:discover_packages(recursive) using defaults
[0.234s] Level 1:colcon.colcon_core.package_discovery:discover_packages(ignore) discover
[0.234s] Level 1:colcon.colcon_core.package_discovery:discover_packages(ignore) using defaults
[0.234s] Level 1:colcon.colcon_core.package_discovery:discover_packages(path) discover
[0.234s] Level 1:colcon.colcon_core.package_discovery:discover_packages(path) using defaults
[0.248s] Level 5:colcon.colcon_core.verb:set package 'filc' build argument 'cmake_args' from command line to 'None'
[0.248s] Level 5:colcon.colcon_core.verb:set package 'filc' build argument 'cmake_target' from command line to 'None'
[0.248s] Level 5:colcon.colcon_core.verb:set package 'filc' build argument 'cmake_target_skip_unavailable' from command line to 'False'
[0.248s] Level 5:colcon.colcon_core.verb:set package 'filc' build argument 'cmake_clean_cache' from command line to 'False'
[0.248s] Level 5:colcon.colcon_core.verb:set package 'filc' build argument 'cmake_clean_first' from command line to 'False'
[0.248s] Level 5:colcon.colcon_core.verb:set package 'filc' build argument 'cmake_force_configure' from command line to 'False'
[0.248s] Level 5:colcon.colcon_core.verb:set package 'filc' build argument 'ament_cmake_args' from command line to 'None'
[0.248s] Level 5:colcon.colcon_core.verb:set package 'filc' build argument 'catkin_cmake_args' from command line to 'None'
[0.248s] Level 5:colcon.colcon_core.verb:set package 'filc' build argument 'catkin_skip_building_tests' from command line to 'False'
[0.249s] DEBUG:colcon.colcon_core.verb:Building package 'filc' with the following arguments: {'ament_cmake_args': None, 'build_base': '/home/user1/ROS2_Workspace/ros2_ws/build/filc', 'catkin_cmake_args': None, 'catkin_skip_building_tests': False, 'cmake_args': None, 'cmake_clean_cache': False, 'cmake_clean_first': False, 'cmake_force_configure': False, 'cmake_target': None, 'cmake_target_skip_unavailable': False, 'install_base': '/home/user1/ROS2_Workspace/ros2_ws/install/filc', 'merge_install': False, 'path': '/home/user1/ROS2_Workspace/ros2_ws/src/filc', 'symlink_install': False, 'test_result_base': None}
[0.249s] INFO:colcon.colcon_core.executor:Executing jobs using 'parallel' executor
[0.250s] DEBUG:colcon.colcon_parallel_executor.executor.parallel:run_until_complete
[0.250s] INFO:colcon.colcon_ros.task.ament_cmake.build:Building ROS package in '/home/user1/ROS2_Workspace/ros2_ws/src/filc' with build type 'ament_cmake'
[0.250s] INFO:colcon.colcon_cmake.task.cmake.build:Building CMake package in '/home/user1/ROS2_Workspace/ros2_ws/src/filc'
[0.251s] INFO:colcon.colcon_core.plugin_system:Skipping extension 'colcon_core.shell.bat': Not used on non-Windows systems
[0.251s] INFO:colcon.colcon_core.shell:Skip shell extension 'powershell' for command environment: Not usable outside of PowerShell
[0.251s] DEBUG:colcon.colcon_core.shell:Skip shell extension 'dsv' for command environment
[0.261s] DEBUG:colcon.colcon_core.event_handler.log_command:Invoking command in '/home/user1/ROS2_Workspace/ros2_ws/build/filc': CMAKE_PREFIX_PATH=${CMAKE_PREFIX_PATH}:/home/user1/ROS2_Workspace/ros2_ws/install/yolo_ros:/home/user1/ROS2_Workspace/ros2_ws/install/ros2_camera_lidar_fusion:/home/user1/ROS2_Workspace/ros2_ws/install/ntrip_client:/home/user1/ROS2_Workspace/ros2_ws/install/hungarian_association:/home/user1/ROS2_Workspace/ros2_ws/install/dead_reckoning:/home/user1/ROS2_Workspace/ros2_ws/install/cc_slam_graph:/opt/ros/humble /usr/local/bin/cmake /home/user1/ROS2_Workspace/ros2_ws/src/filc -DCMAKE_INSTALL_PREFIX=/home/user1/ROS2_Workspace/ros2_ws/install/filc
[2.606s] DEBUG:colcon.colcon_core.event_handler.log_command:Invoked command in '/home/user1/ROS2_Workspace/ros2_ws/build/filc' returned '0': CMAKE_PREFIX_PATH=${CMAKE_PREFIX_PATH}:/home/user1/ROS2_Workspace/ros2_ws/install/yolo_ros:/home/user1/ROS2_Workspace/ros2_ws/install/ros2_camera_lidar_fusion:/home/user1/ROS2_Workspace/ros2_ws/install/ntrip_client:/home/user1/ROS2_Workspace/ros2_ws/install/hungarian_association:/home/user1/ROS2_Workspace/ros2_ws/install/dead_reckoning:/home/user1/ROS2_Workspace/ros2_ws/install/cc_slam_graph:/opt/ros/humble /usr/local/bin/cmake /home/user1/ROS2_Workspace/ros2_ws/src/filc -DCMAKE_INSTALL_PREFIX=/home/user1/ROS2_Workspace/ros2_ws/install/filc
[2.608s] DEBUG:colcon.colcon_core.event_handler.log_command:Invoking command in '/home/user1/ROS2_Workspace/ros2_ws/build/filc': CMAKE_PREFIX_PATH=${CMAKE_PREFIX_PATH}:/home/user1/ROS2_Workspace/ros2_ws/install/yolo_ros:/home/user1/ROS2_Workspace/ros2_ws/install/ros2_camera_lidar_fusion:/home/user1/ROS2_Workspace/ros2_ws/install/ntrip_client:/home/user1/ROS2_Workspace/ros2_ws/install/hungarian_association:/home/user1/ROS2_Workspace/ros2_ws/install/dead_reckoning:/home/user1/ROS2_Workspace/ros2_ws/install/cc_slam_graph:/opt/ros/humble /usr/local/bin/cmake --build /home/user1/ROS2_Workspace/ros2_ws/build/filc -- -j16 -l16
[2.650s] DEBUG:colcon.colcon_core.event_handler.log_command:Invoked command in '/home/user1/ROS2_Workspace/ros2_ws/build/filc' returned '0': CMAKE_PREFIX_PATH=${CMAKE_PREFIX_PATH}:/home/user1/ROS2_Workspace/ros2_ws/install/yolo_ros:/home/user1/ROS2_Workspace/ros2_ws/install/ros2_camera_lidar_fusion:/home/user1/ROS2_Workspace/ros2_ws/install/ntrip_client:/home/user1/ROS2_Workspace/ros2_ws/install/hungarian_association:/home/user1/ROS2_Workspace/ros2_ws/install/dead_reckoning:/home/user1/ROS2_Workspace/ros2_ws/install/cc_slam_graph:/opt/ros/humble /usr/local/bin/cmake --build /home/user1/ROS2_Workspace/ros2_ws/build/filc -- -j16 -l16
[2.653s] DEBUG:colcon.colcon_core.event_handler.log_command:Invoking command in '/home/user1/ROS2_Workspace/ros2_ws/build/filc': CMAKE_PREFIX_PATH=${CMAKE_PREFIX_PATH}:/home/user1/ROS2_Workspace/ros2_ws/install/yolo_ros:/home/user1/ROS2_Workspace/ros2_ws/install/ros2_camera_lidar_fusion:/home/user1/ROS2_Workspace/ros2_ws/install/ntrip_client:/home/user1/ROS2_Workspace/ros2_ws/install/hungarian_association:/home/user1/ROS2_Workspace/ros2_ws/install/dead_reckoning:/home/user1/ROS2_Workspace/ros2_ws/install/cc_slam_graph:/opt/ros/humble /usr/local/bin/cmake --install /home/user1/ROS2_Workspace/ros2_ws/build/filc
[2.665s] Level 1:colcon.colcon_core.environment:create_environment_scripts_only(filc)
[2.666s] DEBUG:colcon.colcon_core.event_handler.log_command:Invoked command in '/home/user1/ROS2_Workspace/ros2_ws/build/filc' returned '0': CMAKE_PREFIX_PATH=${CMAKE_PREFIX_PATH}:/home/user1/ROS2_Workspace/ros2_ws/install/yolo_ros:/home/user1/ROS2_Workspace/ros2_ws/install/ros2_camera_lidar_fusion:/home/user1/ROS2_Workspace/ros2_ws/install/ntrip_client:/home/user1/ROS2_Workspace/ros2_ws/install/hungarian_association:/home/user1/ROS2_Workspace/ros2_ws/install/dead_reckoning:/home/user1/ROS2_Workspace/ros2_ws/install/cc_slam_graph:/opt/ros/humble /usr/local/bin/cmake --install /home/user1/ROS2_Workspace/ros2_ws/build/filc
[2.667s] Level 1:colcon.colcon_core.environment:checking '/home/user1/ROS2_Workspace/ros2_ws/install/filc' for CMake module files
[2.667s] Level 1:colcon.colcon_core.environment:checking '/home/user1/ROS2_Workspace/ros2_ws/install/filc' for CMake config files
[2.668s] Level 1:colcon.colcon_core.shell:create_environment_hook('filc', 'cmake_prefix_path')
[2.668s] INFO:colcon.colcon_core.shell:Creating environment hook '/home/user1/ROS2_Workspace/ros2_ws/install/filc/share/filc/hook/cmake_prefix_path.ps1'
[2.668s] INFO:colcon.colcon_core.shell:Creating environment descriptor '/home/user1/ROS2_Workspace/ros2_ws/install/filc/share/filc/hook/cmake_prefix_path.dsv'
[2.669s] INFO:colcon.colcon_core.shell:Creating environment hook '/home/user1/ROS2_Workspace/ros2_ws/install/filc/share/filc/hook/cmake_prefix_path.sh'
[2.669s] Level 1:colcon.colcon_core.environment:checking '/home/user1/ROS2_Workspace/ros2_ws/install/filc/lib'
[2.669s] Level 1:colcon.colcon_core.environment:checking '/home/user1/ROS2_Workspace/ros2_ws/install/filc/bin'
[2.669s] Level 1:colcon.colcon_core.environment:checking '/home/user1/ROS2_Workspace/ros2_ws/install/filc/lib/pkgconfig/filc.pc'
[2.671s] Level 1:colcon.colcon_core.environment:checking '/home/user1/ROS2_Workspace/ros2_ws/install/filc/lib/python3.10/site-packages'
[2.671s] Level 1:colcon.colcon_core.environment:checking '/home/user1/ROS2_Workspace/ros2_ws/install/filc/bin'
[2.671s] INFO:colcon.colcon_core.shell:Creating package script '/home/user1/ROS2_Workspace/ros2_ws/install/filc/share/filc/package.ps1'
[2.672s] INFO:colcon.colcon_core.shell:Creating package descriptor '/home/user1/ROS2_Workspace/ros2_ws/install/filc/share/filc/package.dsv'
[2.672s] INFO:colcon.colcon_core.shell:Creating package script '/home/user1/ROS2_Workspace/ros2_ws/install/filc/share/filc/package.sh'
[2.673s] INFO:colcon.colcon_core.shell:Creating package script '/home/user1/ROS2_Workspace/ros2_ws/install/filc/share/filc/package.bash'
[2.673s] INFO:colcon.colcon_core.shell:Creating package script '/home/user1/ROS2_Workspace/ros2_ws/install/filc/share/filc/package.zsh'
[2.674s] Level 1:colcon.colcon_core.environment:create_file_with_runtime_dependencies(/home/user1/ROS2_Workspace/ros2_ws/install/filc/share/colcon-core/packages/filc)
[2.675s] Level 1:colcon.colcon_core.environment:create_environment_scripts_only(filc)
[2.675s] Level 1:colcon.colcon_core.environment:checking '/home/user1/ROS2_Workspace/ros2_ws/install/filc' for CMake module files
[2.675s] Level 1:colcon.colcon_core.environment:checking '/home/user1/ROS2_Workspace/ros2_ws/install/filc' for CMake config files
[2.676s] Level 1:colcon.colcon_core.shell:create_environment_hook('filc', 'cmake_prefix_path')
[2.676s] INFO:colcon.colcon_core.shell:Creating environment hook '/home/user1/ROS2_Workspace/ros2_ws/install/filc/share/filc/hook/cmake_prefix_path.ps1'
[2.676s] INFO:colcon.colcon_core.shell:Creating environment descriptor '/home/user1/ROS2_Workspace/ros2_ws/install/filc/share/filc/hook/cmake_prefix_path.dsv'
[2.676s] INFO:colcon.colcon_core.shell:Creating environment hook '/home/user1/ROS2_Workspace/ros2_ws/install/filc/share/filc/hook/cmake_prefix_path.sh'
[2.677s] Level 1:colcon.colcon_core.environment:checking '/home/user1/ROS2_Workspace/ros2_ws/install/filc/lib'
[2.677s] Level 1:colcon.colcon_core.environment:checking '/home/user1/ROS2_Workspace/ros2_ws/install/filc/bin'
[2.677s] Level 1:colcon.colcon_core.environment:checking '/home/user1/ROS2_Workspace/ros2_ws/install/filc/lib/pkgconfig/filc.pc'
[2.677s] Level 1:colcon.colcon_core.environment:checking '/home/user1/ROS2_Workspace/ros2_ws/install/filc/lib/python3.10/site-packages'
[2.677s] Level 1:colcon.colcon_core.environment:checking '/home/user1/ROS2_Workspace/ros2_ws/install/filc/bin'
[2.677s] INFO:colcon.colcon_core.shell:Creating package script '/home/user1/ROS2_Workspace/ros2_ws/install/filc/share/filc/package.ps1'
[2.678s] INFO:colcon.colcon_core.shell:Creating package descriptor '/home/user1/ROS2_Workspace/ros2_ws/install/filc/share/filc/package.dsv'
[2.678s] INFO:colcon.colcon_core.shell:Creating package script '/home/user1/ROS2_Workspace/ros2_ws/install/filc/share/filc/package.sh'
[2.678s] INFO:colcon.colcon_core.shell:Creating package script '/home/user1/ROS2_Workspace/ros2_ws/install/filc/share/filc/package.bash'
[2.678s] INFO:colcon.colcon_core.shell:Creating package script '/home/user1/ROS2_Workspace/ros2_ws/install/filc/share/filc/package.zsh'
[2.679s] Level 1:colcon.colcon_core.environment:create_file_with_runtime_dependencies(/home/user1/ROS2_Workspace/ros2_ws/install/filc/share/colcon-core/packages/filc)
[2.679s] DEBUG:colcon.colcon_parallel_executor.executor.parallel:closing loop
[2.679s] DEBUG:colcon.colcon_parallel_executor.executor.parallel:loop closed
[2.679s] DEBUG:colcon.colcon_parallel_executor.executor.parallel:run_until_complete finished with '0'
[2.679s] DEBUG:colcon.colcon_core.event_reactor:joining thread
[2.681s] INFO:colcon.colcon_core.plugin_system:Skipping extension 'colcon_notification.desktop_notification.notify2': 'notify2' not found
[2.681s] INFO:colcon.colcon_core.plugin_system:Skipping extension 'colcon_notification.desktop_notification.terminal_notifier': Not used on non-Darwin systems
[2.681s] INFO:colcon.colcon_core.plugin_system:Skipping extension 'colcon_notification.desktop_notification.win32': Not used on non-Windows systems
[2.681s] INFO:colcon.colcon_notification.desktop_notification:Sending desktop notification using 'notify_send'
[2.696s] DEBUG:colcon.colcon_core.event_reactor:joined thread
[2.696s] INFO:colcon.colcon_core.shell:Creating prefix script '/home/user1/ROS2_Workspace/ros2_ws/install/local_setup.ps1'
[2.697s] INFO:colcon.colcon_core.shell:Creating prefix util module '/home/user1/ROS2_Workspace/ros2_ws/install/_local_setup_util_ps1.py'
[2.698s] INFO:colcon.colcon_core.shell:Creating prefix chain script '/home/user1/ROS2_Workspace/ros2_ws/install/setup.ps1'
[2.700s] INFO:colcon.colcon_core.shell:Creating prefix script '/home/user1/ROS2_Workspace/ros2_ws/install/local_setup.sh'
[2.700s] INFO:colcon.colcon_core.shell:Creating prefix util module '/home/user1/ROS2_Workspace/ros2_ws/install/_local_setup_util_sh.py'
[2.700s] INFO:colcon.colcon_core.shell:Creating prefix chain script '/home/user1/ROS2_Workspace/ros2_ws/install/setup.sh'
[2.702s] INFO:colcon.colcon_core.shell:Creating prefix script '/home/user1/ROS2_Workspace/ros2_ws/install/local_setup.bash'
[2.702s] INFO:colcon.colcon_core.shell:Creating prefix chain script '/home/user1/ROS2_Workspace/ros2_ws/install/setup.bash'
[2.704s] INFO:colcon.colcon_core.shell:Creating prefix script '/home/user1/ROS2_Workspace/ros2_ws/install/local_setup.zsh'
[2.704s] INFO:colcon.colcon_core.shell:Creating prefix chain script '/home/user1/ROS2_Workspace/ros2_ws/install/setup.zsh'
